[2025-06-04 11:54:08] === Starting model downgrade process ===
[2025-06-04 11:54:44] Calling API to update alias...
[2025-06-04 11:54:44] Alias updated successfully.
[2025-06-04 11:54:44] Fetching MLflow tracking service IP from Kubernetes...
[2025-06-04 11:54:44] MLflow tracking URI resolved to: http://10.110.234.157:5000
[2025-06-04 11:54:44] Generating updated configmap.yaml...
[2025-06-04 11:54:44] Applying updated ConfigMap...
[2025-06-04 11:54:45] Restarting deployment: iris-model-deployment...
[2025-06-04 11:54:45] Deployment restarted successfully.
[2025-06-04 11:54:45] === Model downgrade process completed successfully ===
[2025-06-06 15:53:20] === Starting model downgrade process ===
[2025-06-06 15:53:44] Calling API to update alias...
[2025-06-06 15:53:44] Alias updated successfully.
[2025-06-06 15:53:44] Fetching MLflow tracking service IP from Kubernetes...
[2025-06-06 15:53:44] MLflow tracking URI resolved to: http://10.109.47.85:5000
[2025-06-06 15:53:44] Generating updated configmap.yaml...
[2025-06-06 15:53:44] Applying updated ConfigMap...
[2025-06-06 15:53:44] Restarting deployment: iris-model-deployment...
[2025-06-06 15:53:44] Deployment restarted successfully.
[2025-06-06 15:53:44] === Model downgrade process completed successfully ===
